[INFO] 2022-02-28 20:50:30: 	Starting the server checking cron job...
[INFO] 2022-02-28 20:50:30: 	Server listening on port 3000
[INFO] 2022-02-28 20:50:32: 	Database connected: mongodb+srv://admin:leYDzAm1gclXi86T@re-coded-students-teach.ixpqq.mongodb.net/students-teach-db?retryWrites=true&w=majority
[INFO] 2022-02-28 20:50:40: 	Starting the server checking cron job...
[INFO] 2022-02-28 20:50:42: 	Starting the server checking cron job...
[INFO] 2022-02-28 20:50:42: 	Server listening on port 3000
[INFO] 2022-02-28 20:50:43: 	Database connected: mongodb+srv://admin:leYDzAm1gclXi86T@re-coded-students-teach.ixpqq.mongodb.net/students-teach-db?retryWrites=true&w=majority
[INFO] 2022-02-28 20:52:12: 	Starting the server checking cron job...
[INFO] 2022-02-28 20:52:12: 	Server listening on port 3000
[INFO] 2022-02-28 20:52:14: 	Database connected: mongodb+srv://admin:leYDzAm1gclXi86T@re-coded-students-teach.ixpqq.mongodb.net/students-teach-db?retryWrites=true&w=majority
[INFO] 2022-02-28 20:54:39: 	Starting the server checking cron job...
[INFO] 2022-02-28 20:54:39: 	Server listening on port 3000
[INFO] 2022-02-28 20:54:41: 	Database connected: mongodb+srv://admin:leYDzAm1gclXi86T@re-coded-students-teach.ixpqq.mongodb.net/students-teach-db?retryWrites=true&w=majority
[INFO] 2022-02-28 20:54:49: 	Starting the server checking cron job...
[INFO] 2022-02-28 20:54:50: 	Starting the server checking cron job...
[INFO] 2022-02-28 20:54:50: 	Server listening on port 3000
[INFO] 2022-02-28 20:54:52: 	Database connected: mongodb+srv://admin:leYDzAm1gclXi86T@re-coded-students-teach.ixpqq.mongodb.net/students-teach-db?retryWrites=true&w=majority
[INFO] 2022-02-28 21:01:09: 	Starting the server checking cron job...
[INFO] 2022-02-28 21:01:09: 	Server listening on port 3000
[INFO] 2022-02-28 21:01:10: 	Database connected: mongodb+srv://admin:leYDzAm1gclXi86T@re-coded-students-teach.ixpqq.mongodb.net/students-teach-db?retryWrites=true&w=majority
[INFO] 2022-02-28 21:13:21: 	Starting the server checking cron job...
[INFO] 2022-02-28 21:13:21: 	Server listening on port 3000
[INFO] 2022-02-28 21:13:23: 	Database connected: mongodb+srv://admin:leYDzAm1gclXi86T@re-coded-students-teach.ixpqq.mongodb.net/students-teach-db?retryWrites=true&w=majority
[INFO] 2022-02-28 21:13:57: 	Starting the server checking cron job...
[INFO] 2022-02-28 21:13:57: 	Server listening on port 3000
[INFO] 2022-02-28 21:13:58: 	Database connected: mongodb+srv://admin:leYDzAm1gclXi86T@re-coded-students-teach.ixpqq.mongodb.net/students-teach-db?retryWrites=true&w=majority
[INFO] 2022-02-28 21:15:27: 	Starting the server checking cron job...
[INFO] 2022-02-28 21:15:27: 	Server listening on port 3000
[INFO] 2022-02-28 21:15:28: 	Database connected: mongodb+srv://admin:leYDzAm1gclXi86T@re-coded-students-teach.ixpqq.mongodb.net/students-teach-db?retryWrites=true&w=majority
[INFO] 2022-02-28 21:15:35: 	Starting the server checking cron job...
[INFO] 2022-02-28 21:15:35: 	Server listening on port 3000
[INFO] 2022-02-28 21:15:36: 	Database connected: mongodb+srv://admin:leYDzAm1gclXi86T@re-coded-students-teach.ixpqq.mongodb.net/students-teach-db?retryWrites=true&w=majority
[INFO] 2022-02-28 21:15:40: 	Starting the server checking cron job...
[INFO] 2022-02-28 21:15:40: 	Server listening on port 3000
[INFO] 2022-02-28 21:15:42: 	Database connected: mongodb+srv://admin:leYDzAm1gclXi86T@re-coded-students-teach.ixpqq.mongodb.net/students-teach-db?retryWrites=true&w=majority
[INFO] 2022-02-28 21:15:45: 	Starting the server checking cron job...
[INFO] 2022-02-28 21:15:45: 	Server listening on port 3000
[INFO] 2022-02-28 21:15:46: 	Database connected: mongodb+srv://admin:leYDzAm1gclXi86T@re-coded-students-teach.ixpqq.mongodb.net/students-teach-db?retryWrites=true&w=majority
[INFO] 2022-02-28 21:16:05: 	Starting the server checking cron job...
[INFO] 2022-02-28 21:16:05: 	Server listening on port 3000
[INFO] 2022-02-28 21:16:07: 	Starting the server checking cron job...
[INFO] 2022-02-28 21:16:07: 	Server listening on port 3000
[INFO] 2022-02-28 21:16:09: 	Database connected: mongodb+srv://admin:leYDzAm1gclXi86T@re-coded-students-teach.ixpqq.mongodb.net/students-teach-db?retryWrites=true&w=majority
[INFO] 2022-02-28 21:16:29: 	Starting the server checking cron job...
[INFO] 2022-02-28 21:16:29: 	Server listening on port 3000
[INFO] 2022-02-28 21:16:31: 	Database connected: mongodb+srv://admin:leYDzAm1gclXi86T@re-coded-students-teach.ixpqq.mongodb.net/students-teach-db?retryWrites=true&w=majority
[INFO] 2022-02-28 21:16:58: 	Starting the server checking cron job...
[INFO] 2022-02-28 21:16:58: 	Server listening on port 3000
[INFO] 2022-02-28 21:17:04: 	Database connected: mongodb+srv://admin:leYDzAm1gclXi86T@re-coded-students-teach.ixpqq.mongodb.net/students-teach-db?retryWrites=true&w=majority
[INFO] 2022-02-28 21:17:16: 	Starting the server checking cron job...
[INFO] 2022-02-28 21:17:16: 	Server listening on port 3000
[INFO] 2022-02-28 21:17:18: 	Database connected: mongodb+srv://admin:leYDzAm1gclXi86T@re-coded-students-teach.ixpqq.mongodb.net/students-teach-db?retryWrites=true&w=majority
[INFO] 2022-02-28 21:17:38: 	Starting the server checking cron job...
[INFO] 2022-02-28 21:17:38: 	Server listening on port 3000
[INFO] 2022-02-28 21:17:40: 	Database connected: mongodb+srv://admin:leYDzAm1gclXi86T@re-coded-students-teach.ixpqq.mongodb.net/students-teach-db?retryWrites=true&w=majority
[INFO] 2022-02-28 21:17:42: 	Starting the server checking cron job...
[INFO] 2022-02-28 21:17:42: 	Server listening on port 3000
[INFO] 2022-02-28 21:17:43: 	Database connected: mongodb+srv://admin:leYDzAm1gclXi86T@re-coded-students-teach.ixpqq.mongodb.net/students-teach-db?retryWrites=true&w=majority
[INFO] 2022-02-28 21:19:23: 	Starting the server checking cron job...
[INFO] 2022-02-28 21:19:23: 	Server listening on port 3000
[INFO] 2022-02-28 21:19:25: 	Database connected: mongodb+srv://admin:leYDzAm1gclXi86T@re-coded-students-teach.ixpqq.mongodb.net/students-teach-db?retryWrites=true&w=majority
[INFO] 2022-02-28 21:19:52: 	Starting the server checking cron job...
[INFO] 2022-02-28 21:19:53: 	Starting the server checking cron job...
[INFO] 2022-02-28 21:19:53: 	Server listening on port 3000
[INFO] 2022-02-28 21:19:55: 	Database connected: mongodb+srv://admin:leYDzAm1gclXi86T@re-coded-students-teach.ixpqq.mongodb.net/students-teach-db?retryWrites=true&w=majority
[INFO] 2022-02-28 21:22:52: 	Starting the server checking cron job...
[INFO] 2022-02-28 21:22:52: 	Server listening on port 3000
[INFO] 2022-02-28 21:22:55: 	Database connected: mongodb+srv://admin:leYDzAm1gclXi86T@re-coded-students-teach.ixpqq.mongodb.net/students-teach-db?retryWrites=true&w=majority
[INFO] 2022-02-28 21:23:02: 	Starting the server checking cron job...
[INFO] 2022-02-28 21:23:04: 	Starting the server checking cron job...
[INFO] 2022-02-28 21:23:04: 	Server listening on port 3000
[INFO] 2022-02-28 21:23:06: 	Database connected: mongodb+srv://admin:leYDzAm1gclXi86T@re-coded-students-teach.ixpqq.mongodb.net/students-teach-db?retryWrites=true&w=majority
[INFO] 2022-02-28 21:23:26: 	Starting the server checking cron job...
[INFO] 2022-02-28 21:23:26: 	Server listening on port 3000
[INFO] 2022-02-28 21:23:28: 	Database connected: mongodb+srv://admin:leYDzAm1gclXi86T@re-coded-students-teach.ixpqq.mongodb.net/students-teach-db?retryWrites=true&w=majority
[INFO] 2022-02-28 21:24:29: 	Starting the server checking cron job...
[INFO] 2022-02-28 21:24:29: 	Server listening on port 3000
[INFO] 2022-02-28 21:24:31: 	Starting the server checking cron job...
[INFO] 2022-02-28 21:24:31: 	Server listening on port 3000
[INFO] 2022-02-28 21:24:33: 	Database connected: mongodb+srv://admin:leYDzAm1gclXi86T@re-coded-students-teach.ixpqq.mongodb.net/students-teach-db?retryWrites=true&w=majority
[INFO] 2022-02-28 21:24:40: 	Starting the server checking cron job...
[INFO] 2022-02-28 21:24:40: 	Server listening on port 3000
[INFO] 2022-02-28 21:24:42: 	Database connected: mongodb+srv://admin:leYDzAm1gclXi86T@re-coded-students-teach.ixpqq.mongodb.net/students-teach-db?retryWrites=true&w=majority
[INFO] 2022-02-28 21:25:09: 	Starting the server checking cron job...
[INFO] 2022-02-28 21:25:09: 	Server listening on port 3000
[INFO] 2022-02-28 21:25:11: 	Database connected: mongodb+srv://admin:leYDzAm1gclXi86T@re-coded-students-teach.ixpqq.mongodb.net/students-teach-db?retryWrites=true&w=majority
[INFO] 2022-02-28 21:25:30: 	Starting the server checking cron job...
[INFO] 2022-02-28 21:25:30: 	Server listening on port 3000
[INFO] 2022-02-28 21:25:32: 	Database connected: mongodb+srv://admin:leYDzAm1gclXi86T@re-coded-students-teach.ixpqq.mongodb.net/students-teach-db?retryWrites=true&w=majority
[INFO] 2022-02-28 21:25:39: 	Starting the server checking cron job...
[INFO] 2022-02-28 21:25:41: 	Starting the server checking cron job...
[INFO] 2022-02-28 21:25:41: 	Server listening on port 3000
[INFO] 2022-02-28 21:25:43: 	Database connected: mongodb+srv://admin:leYDzAm1gclXi86T@re-coded-students-teach.ixpqq.mongodb.net/students-teach-db?retryWrites=true&w=majority
[INFO] 2022-02-28 21:25:54: 	Starting the server checking cron job...
[INFO] 2022-02-28 21:25:54: 	Server listening on port 3000
[INFO] 2022-02-28 21:25:56: 	Database connected: mongodb+srv://admin:leYDzAm1gclXi86T@re-coded-students-teach.ixpqq.mongodb.net/students-teach-db?retryWrites=true&w=majority
[INFO] 2022-02-28 21:29:24: 	Starting the server checking cron job...
[INFO] 2022-02-28 21:29:24: 	Server listening on port 3000
[INFO] 2022-02-28 21:29:26: 	Database connected: mongodb+srv://admin:leYDzAm1gclXi86T@re-coded-students-teach.ixpqq.mongodb.net/students-teach-db?retryWrites=true&w=majority
[INFO] 2022-02-28 21:30:06: 	Starting the server checking cron job...
[INFO] 2022-02-28 21:30:06: 	Server listening on port 3000
[INFO] 2022-02-28 21:30:08: 	Starting the server checking cron job...
[INFO] 2022-02-28 21:30:08: 	Server listening on port 3000
[INFO] 2022-02-28 21:30:10: 	Database connected: mongodb+srv://admin:leYDzAm1gclXi86T@re-coded-students-teach.ixpqq.mongodb.net/students-teach-db?retryWrites=true&w=majority
[INFO] 2022-02-28 21:30:33: 	Starting the server checking cron job...
[INFO] 2022-02-28 21:30:33: 	Server listening on port 3000
[INFO] 2022-02-28 21:30:34: 	Database connected: mongodb+srv://admin:leYDzAm1gclXi86T@re-coded-students-teach.ixpqq.mongodb.net/students-teach-db?retryWrites=true&w=majority
[INFO] 2022-02-28 21:30:41: 	Starting the server checking cron job...
[INFO] 2022-02-28 21:30:43: 	Starting the server checking cron job...
[INFO] 2022-02-28 21:30:43: 	Server listening on port 3000
[INFO] 2022-02-28 21:30:44: 	Database connected: mongodb+srv://admin:leYDzAm1gclXi86T@re-coded-students-teach.ixpqq.mongodb.net/students-teach-db?retryWrites=true&w=majority
[INFO] 2022-02-28 21:32:17: 	Starting the server checking cron job...
[INFO] 2022-02-28 21:32:17: 	Server listening on port 3000
[INFO] 2022-02-28 21:32:19: 	Database connected: mongodb+srv://admin:leYDzAm1gclXi86T@re-coded-students-teach.ixpqq.mongodb.net/students-teach-db?retryWrites=true&w=majority
[INFO] 2022-02-28 21:32:46: 	Starting the server checking cron job...
[INFO] 2022-02-28 21:32:47: 	Starting the server checking cron job...
[INFO] 2022-02-28 21:32:47: 	Server listening on port 3000
[INFO] 2022-02-28 21:32:49: 	Database connected: mongodb+srv://admin:leYDzAm1gclXi86T@re-coded-students-teach.ixpqq.mongodb.net/students-teach-db?retryWrites=true&w=majority
[INFO] 2022-02-28 21:33:17: 	Starting the server checking cron job...
[INFO] 2022-02-28 21:33:17: 	Server listening on port 3000
[INFO] 2022-02-28 21:33:19: 	Database connected: mongodb+srv://admin:leYDzAm1gclXi86T@re-coded-students-teach.ixpqq.mongodb.net/students-teach-db?retryWrites=true&w=majority
[INFO] 2022-02-28 21:33:25: 	Starting the server checking cron job...
[INFO] 2022-02-28 21:33:27: 	Starting the server checking cron job...
[INFO] 2022-02-28 21:33:27: 	Server listening on port 3000
[INFO] 2022-02-28 21:33:28: 	Database connected: mongodb+srv://admin:leYDzAm1gclXi86T@re-coded-students-teach.ixpqq.mongodb.net/students-teach-db?retryWrites=true&w=majority
[INFO] 2022-02-28 21:35:05: 	Starting the server checking cron job...
[INFO] 2022-02-28 21:35:05: 	Server listening on port 3000
[INFO] 2022-02-28 21:35:06: 	Database connected: mongodb+srv://admin:leYDzAm1gclXi86T@re-coded-students-teach.ixpqq.mongodb.net/students-teach-db?retryWrites=true&w=majority
[INFO] 2022-02-28 21:35:12: 	Starting the server checking cron job...
[INFO] 2022-02-28 21:35:14: 	Starting the server checking cron job...
[INFO] 2022-02-28 21:35:14: 	Server listening on port 3000
[INFO] 2022-02-28 21:35:16: 	Database connected: mongodb+srv://admin:leYDzAm1gclXi86T@re-coded-students-teach.ixpqq.mongodb.net/students-teach-db?retryWrites=true&w=majority
[INFO] 2022-02-28 21:36:02: 	Starting the server checking cron job...
[INFO] 2022-02-28 21:36:02: 	Server listening on port 3000
[INFO] 2022-02-28 21:36:03: 	Database connected: mongodb+srv://admin:leYDzAm1gclXi86T@re-coded-students-teach.ixpqq.mongodb.net/students-teach-db?retryWrites=true&w=majority
[INFO] 2022-02-28 21:37:03: 	Starting the server checking cron job...
[INFO] 2022-02-28 21:37:03: 	Server listening on port 3000
[INFO] 2022-02-28 21:37:05: 	Database connected: mongodb+srv://admin:leYDzAm1gclXi86T@re-coded-students-teach.ixpqq.mongodb.net/students-teach-db?retryWrites=true&w=majority
[INFO] 2022-02-28 21:37:32: 	Starting the server checking cron job...
[INFO] 2022-02-28 21:37:32: 	Server listening on port 3000
[INFO] 2022-02-28 21:37:33: 	Database connected: mongodb+srv://admin:leYDzAm1gclXi86T@re-coded-students-teach.ixpqq.mongodb.net/students-teach-db?retryWrites=true&w=majority
[INFO] 2022-02-28 21:38:00: 	Starting the server checking cron job...
[INFO] 2022-02-28 21:38:02: 	Starting the server checking cron job...
[INFO] 2022-02-28 21:38:02: 	Server listening on port 3000
[INFO] 2022-02-28 21:38:04: 	Database connected: mongodb+srv://admin:leYDzAm1gclXi86T@re-coded-students-teach.ixpqq.mongodb.net/students-teach-db?retryWrites=true&w=majority
[INFO] 2022-02-28 21:39:06: 	Starting the server checking cron job...
[INFO] 2022-02-28 21:39:06: 	Server listening on port 3000
[INFO] 2022-02-28 21:39:09: 	Database connected: mongodb+srv://admin:leYDzAm1gclXi86T@re-coded-students-teach.ixpqq.mongodb.net/students-teach-db?retryWrites=true&w=majority
[INFO] 2022-02-28 21:41:02: 	Starting the server checking cron job...
[INFO] 2022-02-28 21:41:03: 	Server listening on port 3000
[INFO] 2022-02-28 21:41:05: 	Starting the server checking cron job...
[INFO] 2022-02-28 21:41:05: 	Server listening on port 3000
[INFO] 2022-02-28 21:41:07: 	Database connected: mongodb+srv://admin:leYDzAm1gclXi86T@re-coded-students-teach.ixpqq.mongodb.net/students-teach-db?retryWrites=true&w=majority
[INFO] 2022-02-28 21:41:10: 	Starting the server checking cron job...
[INFO] 2022-02-28 21:41:10: 	Server listening on port 3000
[INFO] 2022-02-28 21:41:12: 	Database connected: mongodb+srv://admin:leYDzAm1gclXi86T@re-coded-students-teach.ixpqq.mongodb.net/students-teach-db?retryWrites=true&w=majority
[INFO] 2022-02-28 21:41:15: 	Starting the server checking cron job...
[INFO] 2022-02-28 21:41:15: 	Server listening on port 3000
[INFO] 2022-02-28 21:41:17: 	Starting the server checking cron job...
[INFO] 2022-02-28 21:41:17: 	Server listening on port 3000
[INFO] 2022-02-28 21:41:19: 	Starting the server checking cron job...
[INFO] 2022-02-28 21:41:19: 	Server listening on port 3000
[INFO] 2022-02-28 21:41:21: 	Database connected: mongodb+srv://admin:leYDzAm1gclXi86T@re-coded-students-teach.ixpqq.mongodb.net/students-teach-db?retryWrites=true&w=majority
[INFO] 2022-02-28 21:41:24: 	Starting the server checking cron job...
[INFO] 2022-02-28 21:41:24: 	Server listening on port 3000
[INFO] 2022-02-28 21:41:26: 	Database connected: mongodb+srv://admin:leYDzAm1gclXi86T@re-coded-students-teach.ixpqq.mongodb.net/students-teach-db?retryWrites=true&w=majority
[INFO] 2022-02-28 21:41:28: 	Starting the server checking cron job...
[INFO] 2022-02-28 21:41:28: 	Server listening on port 3000
[INFO] 2022-02-28 21:41:31: 	Starting the server checking cron job...
[INFO] 2022-02-28 21:41:31: 	Server listening on port 3000
[INFO] 2022-02-28 21:41:32: 	Database connected: mongodb+srv://admin:leYDzAm1gclXi86T@re-coded-students-teach.ixpqq.mongodb.net/students-teach-db?retryWrites=true&w=majority
[INFO] 2022-02-28 21:41:39: 	Starting the server checking cron job...
[INFO] 2022-02-28 21:41:39: 	Server listening on port 3000
[INFO] 2022-02-28 21:41:42: 	Starting the server checking cron job...
[INFO] 2022-02-28 21:41:42: 	Server listening on port 3000
[INFO] 2022-02-28 21:41:44: 	Starting the server checking cron job...
[INFO] 2022-02-28 21:41:44: 	Server listening on port 3000
[INFO] 2022-02-28 21:41:46: 	Database connected: mongodb+srv://admin:leYDzAm1gclXi86T@re-coded-students-teach.ixpqq.mongodb.net/students-teach-db?retryWrites=true&w=majority
[INFO] 2022-02-28 21:41:56: 	Starting the server checking cron job...
[INFO] 2022-02-28 21:41:56: 	Server listening on port 3000
[INFO] 2022-02-28 21:41:59: 	Starting the server checking cron job...
[INFO] 2022-02-28 21:41:59: 	Server listening on port 3000
[INFO] 2022-02-28 21:42:01: 	Database connected: mongodb+srv://admin:leYDzAm1gclXi86T@re-coded-students-teach.ixpqq.mongodb.net/students-teach-db?retryWrites=true&w=majority
[INFO] 2022-02-28 21:42:23: 	Starting the server checking cron job...
[INFO] 2022-02-28 21:42:23: 	Server listening on port 3000
[INFO] 2022-02-28 21:42:38: 	Starting the server checking cron job...
[INFO] 2022-02-28 21:42:38: 	Server listening on port 3000
[INFO] 2022-02-28 21:42:40: 	Database connected: mongodb+srv://admin:leYDzAm1gclXi86T@re-coded-students-teach.ixpqq.mongodb.net/students-teach-db?retryWrites=true&w=majority
[INFO] 2022-02-28 21:43:08: 	Starting the server checking cron job...
[INFO] 2022-02-28 21:43:10: 	Starting the server checking cron job...
[INFO] 2022-02-28 21:43:10: 	Server listening on port 3000
[INFO] 2022-02-28 21:43:12: 	Database connected: mongodb+srv://admin:leYDzAm1gclXi86T@re-coded-students-teach.ixpqq.mongodb.net/students-teach-db?retryWrites=true&w=majority
[INFO] 2022-02-28 21:48:44: 	Starting the server checking cron job...
[INFO] 2022-02-28 21:48:46: 	Starting the server checking cron job...
[INFO] 2022-02-28 21:48:46: 	Server listening on port 3000
[INFO] 2022-02-28 21:48:48: 	Database connected: mongodb+srv://admin:leYDzAm1gclXi86T@re-coded-students-teach.ixpqq.mongodb.net/students-teach-db?retryWrites=true&w=majority
[INFO] 2022-02-28 21:49:12: 	Starting the server checking cron job...
[INFO] 2022-02-28 21:49:12: 	Server listening on port 3000
[INFO] 2022-02-28 21:49:14: 	Database connected: mongodb+srv://admin:leYDzAm1gclXi86T@re-coded-students-teach.ixpqq.mongodb.net/students-teach-db?retryWrites=true&w=majority
[INFO] 2022-02-28 21:49:18: 	Starting the server checking cron job...
[INFO] 2022-02-28 21:49:20: 	Starting the server checking cron job...
[INFO] 2022-02-28 21:49:20: 	Server listening on port 3000
[INFO] 2022-02-28 21:49:22: 	Database connected: mongodb+srv://admin:leYDzAm1gclXi86T@re-coded-students-teach.ixpqq.mongodb.net/students-teach-db?retryWrites=true&w=majority
[INFO] 2022-02-28 21:51:54: 	Starting the server checking cron job...
[INFO] 2022-02-28 21:51:54: 	Server listening on port 3000
[INFO] 2022-02-28 21:51:56: 	Database connected: mongodb+srv://admin:leYDzAm1gclXi86T@re-coded-students-teach.ixpqq.mongodb.net/students-teach-db?retryWrites=true&w=majority
[INFO] 2022-02-28 21:52:25: 	Starting the server checking cron job...
[INFO] 2022-02-28 21:52:26: 	Starting the server checking cron job...
[INFO] 2022-02-28 21:52:26: 	Server listening on port 3000
[INFO] 2022-02-28 21:52:28: 	Database connected: mongodb+srv://admin:leYDzAm1gclXi86T@re-coded-students-teach.ixpqq.mongodb.net/students-teach-db?retryWrites=true&w=majority
[INFO] 2022-02-28 21:54:01: 	Starting the server checking cron job...
[INFO] 2022-02-28 21:54:01: 	Server listening on port 3000
[INFO] 2022-02-28 21:54:03: 	Database connected: mongodb+srv://admin:leYDzAm1gclXi86T@re-coded-students-teach.ixpqq.mongodb.net/students-teach-db?retryWrites=true&w=majority
[INFO] 2022-02-28 21:54:09: 	Starting the server checking cron job...
[INFO] 2022-02-28 21:54:11: 	Starting the server checking cron job...
[INFO] 2022-02-28 21:54:11: 	Server listening on port 3000
[INFO] 2022-02-28 21:54:13: 	Database connected: mongodb+srv://admin:leYDzAm1gclXi86T@re-coded-students-teach.ixpqq.mongodb.net/students-teach-db?retryWrites=true&w=majority
[INFO] 2022-02-28 21:55:05: 	Starting the server checking cron job...
[INFO] 2022-02-28 21:55:05: 	Server listening on port 3000
[INFO] 2022-02-28 21:55:06: 	Database connected: mongodb+srv://admin:leYDzAm1gclXi86T@re-coded-students-teach.ixpqq.mongodb.net/students-teach-db?retryWrites=true&w=majority
[INFO] 2022-02-28 21:55:13: 	Starting the server checking cron job...
[INFO] 2022-02-28 21:55:14: 	Starting the server checking cron job...
[INFO] 2022-02-28 21:55:14: 	Server listening on port 3000
[INFO] 2022-02-28 21:55:16: 	Database connected: mongodb+srv://admin:leYDzAm1gclXi86T@re-coded-students-teach.ixpqq.mongodb.net/students-teach-db?retryWrites=true&w=majority
[INFO] 2022-02-28 21:55:26: 	Starting the server checking cron job...
[INFO] 2022-02-28 21:55:26: 	Server listening on port 3000
[INFO] 2022-02-28 21:55:27: 	Database connected: mongodb+srv://admin:leYDzAm1gclXi86T@re-coded-students-teach.ixpqq.mongodb.net/students-teach-db?retryWrites=true&w=majority
[INFO] 2022-02-28 21:56:10: 	Starting the server checking cron job...
[INFO] 2022-02-28 21:56:10: 	Server listening on port 3000
[INFO] 2022-02-28 21:56:12: 	Database connected: mongodb+srv://admin:leYDzAm1gclXi86T@re-coded-students-teach.ixpqq.mongodb.net/students-teach-db?retryWrites=true&w=majority
[INFO] 2022-02-28 21:56:37: 	Starting the server checking cron job...
[INFO] 2022-02-28 21:56:37: 	Server listening on port 3000
[INFO] 2022-02-28 21:56:39: 	Database connected: mongodb+srv://admin:leYDzAm1gclXi86T@re-coded-students-teach.ixpqq.mongodb.net/students-teach-db?retryWrites=true&w=majority
[INFO] 2022-02-28 21:56:46: 	Starting the server checking cron job...
[INFO] 2022-02-28 21:56:46: 	Server listening on port 3000
[INFO] 2022-02-28 21:56:48: 	Database connected: mongodb+srv://admin:leYDzAm1gclXi86T@re-coded-students-teach.ixpqq.mongodb.net/students-teach-db?retryWrites=true&w=majority
[INFO] 2022-02-28 21:57:08: 	Starting the server checking cron job...
[INFO] 2022-02-28 21:57:08: 	Server listening on port 3000
[INFO] 2022-02-28 21:57:10: 	Database connected: mongodb+srv://admin:leYDzAm1gclXi86T@re-coded-students-teach.ixpqq.mongodb.net/students-teach-db?retryWrites=true&w=majority
[INFO] 2022-02-28 21:59:07: 	Starting the server checking cron job...
[INFO] 2022-02-28 21:59:07: 	Server listening on port 3000
[INFO] 2022-02-28 21:59:09: 	Database connected: mongodb+srv://admin:leYDzAm1gclXi86T@re-coded-students-teach.ixpqq.mongodb.net/students-teach-db?retryWrites=true&w=majority
[INFO] 2022-02-28 21:59:38: 	Starting the server checking cron job...
[INFO] 2022-02-28 21:59:38: 	Server listening on port 3000
[INFO] 2022-02-28 21:59:40: 	Database connected: mongodb+srv://admin:leYDzAm1gclXi86T@re-coded-students-teach.ixpqq.mongodb.net/students-teach-db?retryWrites=true&w=majority
[INFO] 2022-02-28 21:59:54: 	Starting the server checking cron job...
[INFO] 2022-02-28 21:59:54: 	Server listening on port 3000
[INFO] 2022-02-28 21:59:55: 	Database connected: mongodb+srv://admin:leYDzAm1gclXi86T@re-coded-students-teach.ixpqq.mongodb.net/students-teach-db?retryWrites=true&w=majority
[INFO] 2022-02-28 22:00:00: 	CRON: The latest server status call returned the status code: 200
[INFO] 2022-02-28 22:00:27: 	Starting the server checking cron job...
[INFO] 2022-02-28 22:00:27: 	Server listening on port 3000
[INFO] 2022-02-28 22:00:29: 	Database connected: mongodb+srv://admin:leYDzAm1gclXi86T@re-coded-students-teach.ixpqq.mongodb.net/students-teach-db?retryWrites=true&w=majority
[INFO] 2022-02-28 22:00:56: 	Starting the server checking cron job...
[INFO] 2022-02-28 22:00:58: 	Starting the server checking cron job...
[INFO] 2022-02-28 22:00:58: 	Server listening on port 3000
[INFO] 2022-02-28 22:00:59: 	Database connected: mongodb+srv://admin:leYDzAm1gclXi86T@re-coded-students-teach.ixpqq.mongodb.net/students-teach-db?retryWrites=true&w=majority
[INFO] 2022-02-28 22:02:15: 	Starting the server checking cron job...
[INFO] 2022-02-28 22:02:15: 	Server listening on port 3000
[INFO] 2022-02-28 22:02:16: 	Database connected: mongodb+srv://admin:leYDzAm1gclXi86T@re-coded-students-teach.ixpqq.mongodb.net/students-teach-db?retryWrites=true&w=majority
[INFO] 2022-02-28 22:02:23: 	Starting the server checking cron job...
[INFO] 2022-02-28 22:02:25: 	Starting the server checking cron job...
[INFO] 2022-02-28 22:02:25: 	Server listening on port 3000
[INFO] 2022-02-28 22:02:26: 	Database connected: mongodb+srv://admin:leYDzAm1gclXi86T@re-coded-students-teach.ixpqq.mongodb.net/students-teach-db?retryWrites=true&w=majority
[INFO] 2022-02-28 22:03:47: 	Starting the server checking cron job...
[INFO] 2022-02-28 22:03:47: 	Server listening on port 3000
[INFO] 2022-02-28 22:03:49: 	Database connected: mongodb+srv://admin:leYDzAm1gclXi86T@re-coded-students-teach.ixpqq.mongodb.net/students-teach-db?retryWrites=true&w=majority
[INFO] 2022-02-28 22:03:55: 	Starting the server checking cron job...
[INFO] 2022-02-28 22:03:57: 	Starting the server checking cron job...
[INFO] 2022-02-28 22:03:57: 	Server listening on port 3000
[INFO] 2022-02-28 22:03:58: 	Database connected: mongodb+srv://admin:leYDzAm1gclXi86T@re-coded-students-teach.ixpqq.mongodb.net/students-teach-db?retryWrites=true&w=majority
[INFO] 2022-02-28 22:08:43: 	Starting the server checking cron job...
[INFO] 2022-02-28 22:08:43: 	Server listening on port 3000
[INFO] 2022-02-28 22:08:45: 	Database connected: mongodb+srv://admin:leYDzAm1gclXi86T@re-coded-students-teach.ixpqq.mongodb.net/students-teach-db?retryWrites=true&w=majority
[INFO] 2022-02-28 22:09:32: 	Starting the server checking cron job...
[INFO] 2022-02-28 22:09:32: 	Server listening on port 3000
[INFO] 2022-02-28 22:09:34: 	Database connected: mongodb+srv://admin:leYDzAm1gclXi86T@re-coded-students-teach.ixpqq.mongodb.net/students-teach-db?retryWrites=true&w=majority
[INFO] 2022-02-28 22:10:08: 	Starting the server checking cron job...
[INFO] 2022-02-28 22:10:08: 	Server listening on port 3000
[INFO] 2022-02-28 22:10:09: 	Database connected: mongodb+srv://admin:leYDzAm1gclXi86T@re-coded-students-teach.ixpqq.mongodb.net/students-teach-db?retryWrites=true&w=majority
[INFO] 2022-02-28 22:10:16: 	Starting the server checking cron job...
[INFO] 2022-02-28 22:10:17: 	Starting the server checking cron job...
[INFO] 2022-02-28 22:10:18: 	Server listening on port 3000
[INFO] 2022-02-28 22:10:19: 	Database connected: mongodb+srv://admin:leYDzAm1gclXi86T@re-coded-students-teach.ixpqq.mongodb.net/students-teach-db?retryWrites=true&w=majority
[INFO] 2022-02-28 22:11:01: 	Starting the server checking cron job...
[INFO] 2022-02-28 22:11:01: 	Server listening on port 3000
[INFO] 2022-02-28 22:11:03: 	Database connected: mongodb+srv://admin:leYDzAm1gclXi86T@re-coded-students-teach.ixpqq.mongodb.net/students-teach-db?retryWrites=true&w=majority
[INFO] 2022-02-28 22:15:00: 	CRON: The latest server status call returned the status code: 200
[INFO] 2022-02-28 22:23:24: 	Starting the server checking cron job...
[INFO] 2022-02-28 22:23:24: 	Server listening on port 3000
[INFO] 2022-02-28 22:23:28: 	Starting the server checking cron job...
[INFO] 2022-02-28 22:23:28: 	Server listening on port 3000
[INFO] 2022-02-28 22:23:30: 	Database connected: mongodb+srv://admin:leYDzAm1gclXi86T@re-coded-students-teach.ixpqq.mongodb.net/students-teach-db?retryWrites=true&w=majority
[INFO] 2022-02-28 22:24:02: 	Starting the server checking cron job...
[INFO] 2022-02-28 22:24:02: 	Server listening on port 3000
[INFO] 2022-02-28 22:24:04: 	Database connected: mongodb+srv://admin:leYDzAm1gclXi86T@re-coded-students-teach.ixpqq.mongodb.net/students-teach-db?retryWrites=true&w=majority
[INFO] 2022-02-28 22:24:06: 	Starting the server checking cron job...
[INFO] 2022-02-28 22:24:06: 	Server listening on port 3000
[INFO] 2022-02-28 22:24:08: 	Database connected: mongodb+srv://admin:leYDzAm1gclXi86T@re-coded-students-teach.ixpqq.mongodb.net/students-teach-db?retryWrites=true&w=majority
[INFO] 2022-02-28 22:24:11: 	Starting the server checking cron job...
[INFO] 2022-02-28 22:24:12: 	Server listening on port 3000
[INFO] 2022-02-28 22:24:13: 	Database connected: mongodb+srv://admin:leYDzAm1gclXi86T@re-coded-students-teach.ixpqq.mongodb.net/students-teach-db?retryWrites=true&w=majority
[INFO] 2022-02-28 22:24:52: 	Starting the server checking cron job...
[INFO] 2022-02-28 22:24:52: 	Server listening on port 3000
[INFO] 2022-02-28 22:24:54: 	Database connected: mongodb+srv://admin:leYDzAm1gclXi86T@re-coded-students-teach.ixpqq.mongodb.net/students-teach-db?retryWrites=true&w=majority
[INFO] 2022-02-28 22:26:13: 	Starting the server checking cron job...
[INFO] 2022-02-28 22:26:13: 	Server listening on port 3000
[INFO] 2022-02-28 22:26:15: 	Database connected: mongodb+srv://admin:leYDzAm1gclXi86T@re-coded-students-teach.ixpqq.mongodb.net/students-teach-db?retryWrites=true&w=majority
[INFO] 2022-02-28 22:26:23: 	Starting the server checking cron job...
[INFO] 2022-02-28 22:26:25: 	Starting the server checking cron job...
[INFO] 2022-02-28 22:26:25: 	Server listening on port 3000
[INFO] 2022-02-28 22:26:27: 	Database connected: mongodb+srv://admin:leYDzAm1gclXi86T@re-coded-students-teach.ixpqq.mongodb.net/students-teach-db?retryWrites=true&w=majority
[INFO] 2022-02-28 22:27:59: 	Starting the server checking cron job...
[INFO] 2022-02-28 22:27:59: 	Server listening on port 3000
[INFO] 2022-02-28 22:28:01: 	Database connected: mongodb+srv://admin:leYDzAm1gclXi86T@re-coded-students-teach.ixpqq.mongodb.net/students-teach-db?retryWrites=true&w=majority
[INFO] 2022-02-28 22:28:45: 	Starting the server checking cron job...
[INFO] 2022-02-28 22:28:45: 	Server listening on port 3000
[INFO] 2022-02-28 22:28:47: 	Database connected: mongodb+srv://admin:leYDzAm1gclXi86T@re-coded-students-teach.ixpqq.mongodb.net/students-teach-db?retryWrites=true&w=majority
[INFO] 2022-02-28 22:28:48: 	Starting the server checking cron job...
[INFO] 2022-02-28 22:28:48: 	Server listening on port 3000
[INFO] 2022-02-28 22:28:51: 	Starting the server checking cron job...
[INFO] 2022-02-28 22:28:51: 	Server listening on port 3000
[INFO] 2022-02-28 22:28:53: 	Database connected: mongodb+srv://admin:leYDzAm1gclXi86T@re-coded-students-teach.ixpqq.mongodb.net/students-teach-db?retryWrites=true&w=majority
[INFO] 2022-02-28 22:28:59: 	Starting the server checking cron job...
[INFO] 2022-02-28 22:28:59: 	Server listening on port 3000
[INFO] 2022-02-28 22:29:01: 	Database connected: mongodb+srv://admin:leYDzAm1gclXi86T@re-coded-students-teach.ixpqq.mongodb.net/students-teach-db?retryWrites=true&w=majority
[INFO] 2022-02-28 22:29:20: 	Starting the server checking cron job...
[INFO] 2022-02-28 22:29:20: 	Server listening on port 3000
[INFO] 2022-02-28 22:29:22: 	Database connected: mongodb+srv://admin:leYDzAm1gclXi86T@re-coded-students-teach.ixpqq.mongodb.net/students-teach-db?retryWrites=true&w=majority
[INFO] 2022-02-28 22:29:52: 	Starting the server checking cron job...
[INFO] 2022-02-28 22:29:52: 	Server listening on port 3000
[INFO] 2022-02-28 22:29:54: 	Database connected: mongodb+srv://admin:leYDzAm1gclXi86T@re-coded-students-teach.ixpqq.mongodb.net/students-teach-db?retryWrites=true&w=majority
[INFO] 2022-02-28 22:29:57: 	Starting the server checking cron job...
[INFO] 2022-02-28 22:29:57: 	Server listening on port 3000
[INFO] 2022-02-28 22:29:59: 	Starting the server checking cron job...
[INFO] 2022-02-28 22:29:59: 	Server listening on port 3000
[INFO] 2022-02-28 22:30:00: 	CRON: The latest server status call returned the status code: 200
[INFO] 2022-02-28 22:30:01: 	Database connected: mongodb+srv://admin:leYDzAm1gclXi86T@re-coded-students-teach.ixpqq.mongodb.net/students-teach-db?retryWrites=true&w=majority
[INFO] 2022-02-28 22:30:30: 	Starting the server checking cron job...
[INFO] 2022-02-28 22:30:30: 	Server listening on port 3000
[INFO] 2022-02-28 22:30:32: 	Starting the server checking cron job...
[INFO] 2022-02-28 22:30:32: 	Server listening on port 3000
[INFO] 2022-02-28 22:30:33: 	Database connected: mongodb+srv://admin:leYDzAm1gclXi86T@re-coded-students-teach.ixpqq.mongodb.net/students-teach-db?retryWrites=true&w=majority
[INFO] 2022-02-28 22:30:36: 	Starting the server checking cron job...
[INFO] 2022-02-28 22:30:36: 	Server listening on port 3000
[INFO] 2022-02-28 22:30:38: 	Starting the server checking cron job...
[INFO] 2022-02-28 22:30:38: 	Server listening on port 3000
[INFO] 2022-02-28 22:30:39: 	Database connected: mongodb+srv://admin:leYDzAm1gclXi86T@re-coded-students-teach.ixpqq.mongodb.net/students-teach-db?retryWrites=true&w=majority
[INFO] 2022-02-28 22:30:40: 	Starting the server checking cron job...
[INFO] 2022-02-28 22:30:40: 	Server listening on port 3000
[INFO] 2022-02-28 22:30:42: 	Database connected: mongodb+srv://admin:leYDzAm1gclXi86T@re-coded-students-teach.ixpqq.mongodb.net/students-teach-db?retryWrites=true&w=majority
[INFO] 2022-02-28 22:30:43: 	Starting the server checking cron job...
[INFO] 2022-02-28 22:30:43: 	Server listening on port 3000
[INFO] 2022-02-28 22:30:44: 	Database connected: mongodb+srv://admin:leYDzAm1gclXi86T@re-coded-students-teach.ixpqq.mongodb.net/students-teach-db?retryWrites=true&w=majority
[INFO] 2022-02-28 22:31:05: 	Starting the server checking cron job...
[INFO] 2022-02-28 22:31:05: 	Server listening on port 3000
[INFO] 2022-02-28 22:31:07: 	Database connected: mongodb+srv://admin:leYDzAm1gclXi86T@re-coded-students-teach.ixpqq.mongodb.net/students-teach-db?retryWrites=true&w=majority
[INFO] 2022-02-28 22:31:13: 	Starting the server checking cron job...
[INFO] 2022-02-28 22:31:15: 	Starting the server checking cron job...
[INFO] 2022-02-28 22:31:15: 	Server listening on port 3000
[INFO] 2022-02-28 22:31:16: 	Database connected: mongodb+srv://admin:leYDzAm1gclXi86T@re-coded-students-teach.ixpqq.mongodb.net/students-teach-db?retryWrites=true&w=majority
[INFO] 2022-02-28 22:32:28: 	Starting the server checking cron job...
[INFO] 2022-02-28 22:32:28: 	Server listening on port 3000
[INFO] 2022-02-28 22:32:30: 	Database connected: mongodb+srv://admin:leYDzAm1gclXi86T@re-coded-students-teach.ixpqq.mongodb.net/students-teach-db?retryWrites=true&w=majority
[INFO] 2022-02-28 22:32:33: 	Starting the server checking cron job...
[INFO] 2022-02-28 22:32:33: 	Server listening on port 3000
[INFO] 2022-02-28 22:32:35: 	Database connected: mongodb+srv://admin:leYDzAm1gclXi86T@re-coded-students-teach.ixpqq.mongodb.net/students-teach-db?retryWrites=true&w=majority
[INFO] 2022-02-28 22:33:42: 	Starting the server checking cron job...
[INFO] 2022-02-28 22:33:42: 	Server listening on port 3000
[INFO] 2022-02-28 22:33:44: 	Database connected: mongodb+srv://admin:leYDzAm1gclXi86T@re-coded-students-teach.ixpqq.mongodb.net/students-teach-db?retryWrites=true&w=majority
[INFO] 2022-02-28 22:33:46: 	Starting the server checking cron job...
[INFO] 2022-02-28 22:33:46: 	Server listening on port 3000
[INFO] 2022-02-28 22:33:48: 	Database connected: mongodb+srv://admin:leYDzAm1gclXi86T@re-coded-students-teach.ixpqq.mongodb.net/students-teach-db?retryWrites=true&w=majority
[INFO] 2022-02-28 22:34:18: 	Starting the server checking cron job...
[INFO] 2022-02-28 22:34:18: 	Server listening on port 3000
[INFO] 2022-02-28 22:34:19: 	Database connected: mongodb+srv://admin:leYDzAm1gclXi86T@re-coded-students-teach.ixpqq.mongodb.net/students-teach-db?retryWrites=true&w=majority
[INFO] 2022-02-28 22:34:26: 	Starting the server checking cron job...
[INFO] 2022-02-28 22:34:27: 	Starting the server checking cron job...
[INFO] 2022-02-28 22:34:27: 	Server listening on port 3000
[INFO] 2022-02-28 22:34:29: 	Database connected: mongodb+srv://admin:leYDzAm1gclXi86T@re-coded-students-teach.ixpqq.mongodb.net/students-teach-db?retryWrites=true&w=majority
[INFO] 2022-02-28 22:36:40: 	Starting the server checking cron job...
[INFO] 2022-02-28 22:36:40: 	Server listening on port 3000
[INFO] 2022-02-28 22:36:42: 	Database connected: mongodb+srv://admin:leYDzAm1gclXi86T@re-coded-students-teach.ixpqq.mongodb.net/students-teach-db?retryWrites=true&w=majority
[INFO] 2022-02-28 22:36:48: 	Starting the server checking cron job...
[INFO] 2022-02-28 22:36:50: 	Starting the server checking cron job...
[INFO] 2022-02-28 22:36:50: 	Server listening on port 3000
[INFO] 2022-02-28 22:36:51: 	Database connected: mongodb+srv://admin:leYDzAm1gclXi86T@re-coded-students-teach.ixpqq.mongodb.net/students-teach-db?retryWrites=true&w=majority
[INFO] 2022-02-28 22:38:12: 	Starting the server checking cron job...
[INFO] 2022-02-28 22:38:12: 	Server listening on port 3000
[INFO] 2022-02-28 22:38:14: 	Database connected: mongodb+srv://admin:leYDzAm1gclXi86T@re-coded-students-teach.ixpqq.mongodb.net/students-teach-db?retryWrites=true&w=majority
[INFO] 2022-02-28 22:42:13: 	Starting the server checking cron job...
[INFO] 2022-02-28 22:42:13: 	Server listening on port 3000
[INFO] 2022-02-28 22:42:15: 	Database connected: mongodb+srv://admin:leYDzAm1gclXi86T@re-coded-students-teach.ixpqq.mongodb.net/students-teach-db?retryWrites=true&w=majority
[INFO] 2022-02-28 22:42:27: 	Starting the server checking cron job...
[INFO] 2022-02-28 22:42:27: 	Server listening on port 3000
[INFO] 2022-02-28 22:42:29: 	Database connected: mongodb+srv://admin:leYDzAm1gclXi86T@re-coded-students-teach.ixpqq.mongodb.net/students-teach-db?retryWrites=true&w=majority
[INFO] 2022-02-28 22:43:09: 	Starting the server checking cron job...
[INFO] 2022-02-28 22:43:09: 	Server listening on port 3000
[INFO] 2022-02-28 22:43:11: 	Starting the server checking cron job...
[INFO] 2022-02-28 22:43:11: 	Server listening on port 3000
[INFO] 2022-02-28 22:43:13: 	Database connected: mongodb+srv://admin:leYDzAm1gclXi86T@re-coded-students-teach.ixpqq.mongodb.net/students-teach-db?retryWrites=true&w=majority
[INFO] 2022-02-28 22:44:10: 	Starting the server checking cron job...
[INFO] 2022-02-28 22:44:10: 	Server listening on port 3000
[INFO] 2022-02-28 22:44:12: 	Database connected: mongodb+srv://admin:leYDzAm1gclXi86T@re-coded-students-teach.ixpqq.mongodb.net/students-teach-db?retryWrites=true&w=majority
[INFO] 2022-02-28 22:44:34: 	Starting the server checking cron job...
[INFO] 2022-02-28 22:44:34: 	Server listening on port 3000
[INFO] 2022-02-28 22:44:36: 	Database connected: mongodb+srv://admin:leYDzAm1gclXi86T@re-coded-students-teach.ixpqq.mongodb.net/students-teach-db?retryWrites=true&w=majority
[INFO] 2022-02-28 22:44:39: 	Starting the server checking cron job...
[INFO] 2022-02-28 22:44:39: 	Server listening on port 3000
[INFO] 2022-02-28 22:44:40: 	Database connected: mongodb+srv://admin:leYDzAm1gclXi86T@re-coded-students-teach.ixpqq.mongodb.net/students-teach-db?retryWrites=true&w=majority
[INFO] 2022-02-28 22:45:08: 	Starting the server checking cron job...
[INFO] 2022-02-28 22:45:08: 	Server listening on port 3000
[INFO] 2022-02-28 22:45:10: 	Database connected: mongodb+srv://admin:leYDzAm1gclXi86T@re-coded-students-teach.ixpqq.mongodb.net/students-teach-db?retryWrites=true&w=majority
[INFO] 2022-02-28 22:45:17: 	Starting the server checking cron job...
[INFO] 2022-02-28 22:45:19: 	Starting the server checking cron job...
[INFO] 2022-02-28 22:45:19: 	Server listening on port 3000
[INFO] 2022-02-28 22:45:21: 	Database connected: mongodb+srv://admin:leYDzAm1gclXi86T@re-coded-students-teach.ixpqq.mongodb.net/students-teach-db?retryWrites=true&w=majority
[INFO] 2022-02-28 22:48:53: 	Starting the server checking cron job...
[INFO] 2022-02-28 22:48:53: 	Server listening on port 3000
[INFO] 2022-02-28 22:48:55: 	Database connected: mongodb+srv://admin:leYDzAm1gclXi86T@re-coded-students-teach.ixpqq.mongodb.net/students-teach-db?retryWrites=true&w=majority
[INFO] 2022-02-28 22:49:12: 	Starting the server checking cron job...
[INFO] 2022-02-28 22:49:12: 	Server listening on port 3000
[INFO] 2022-02-28 22:49:14: 	Database connected: mongodb+srv://admin:leYDzAm1gclXi86T@re-coded-students-teach.ixpqq.mongodb.net/students-teach-db?retryWrites=true&w=majority
[INFO] 2022-02-28 22:49:21: 	Starting the server checking cron job...
[INFO] 2022-02-28 22:49:21: 	Server listening on port 3000
[INFO] 2022-02-28 22:49:23: 	Database connected: mongodb+srv://admin:leYDzAm1gclXi86T@re-coded-students-teach.ixpqq.mongodb.net/students-teach-db?retryWrites=true&w=majority
[INFO] 2022-02-28 22:49:43: 	Starting the server checking cron job...
[INFO] 2022-02-28 22:49:43: 	Server listening on port 3000
[INFO] 2022-02-28 22:50:32: 	Starting the server checking cron job...
[INFO] 2022-02-28 22:50:32: 	Server listening on port 3000
[INFO] 2022-02-28 22:50:34: 	Database connected: mongodb+srv://admin:leYDzAm1gclXi86T@re-coded-students-teach.ixpqq.mongodb.net/students-teach-db?retryWrites=true&w=majority
[INFO] 2022-02-28 22:50:41: 	Starting the server checking cron job...
[INFO] 2022-02-28 22:50:43: 	Starting the server checking cron job...
[INFO] 2022-02-28 22:50:43: 	Server listening on port 3000
[INFO] 2022-02-28 22:50:45: 	Database connected: mongodb+srv://admin:leYDzAm1gclXi86T@re-coded-students-teach.ixpqq.mongodb.net/students-teach-db?retryWrites=true&w=majority
[INFO] 2022-02-28 22:51:49: 	Starting the server checking cron job...
[INFO] 2022-02-28 22:51:49: 	Server listening on port 3000
[INFO] 2022-02-28 22:51:52: 	Database connected: mongodb+srv://admin:leYDzAm1gclXi86T@re-coded-students-teach.ixpqq.mongodb.net/students-teach-db?retryWrites=true&w=majority
[INFO] 2022-02-28 22:51:59: 	Starting the server checking cron job...
[INFO] 2022-02-28 22:52:01: 	Starting the server checking cron job...
[INFO] 2022-02-28 22:52:01: 	Server listening on port 3000
[INFO] 2022-02-28 22:52:03: 	Database connected: mongodb+srv://admin:leYDzAm1gclXi86T@re-coded-students-teach.ixpqq.mongodb.net/students-teach-db?retryWrites=true&w=majority
[INFO] 2022-02-28 22:55:48: 	Starting the server checking cron job...
[INFO] 2022-02-28 22:55:48: 	Server listening on port 3000
[INFO] 2022-02-28 22:55:50: 	Database connected: mongodb+srv://admin:leYDzAm1gclXi86T@re-coded-students-teach.ixpqq.mongodb.net/students-teach-db?retryWrites=true&w=majority
[INFO] 2022-02-28 22:55:57: 	Starting the server checking cron job...
[INFO] 2022-02-28 22:55:59: 	Starting the server checking cron job...
[INFO] 2022-02-28 22:55:59: 	Server listening on port 3000
[INFO] 2022-02-28 22:56:01: 	Database connected: mongodb+srv://admin:leYDzAm1gclXi86T@re-coded-students-teach.ixpqq.mongodb.net/students-teach-db?retryWrites=true&w=majority
[INFO] 2022-03-01 01:05:17: 	Starting the server checking cron job...
[INFO] 2022-03-01 01:05:17: 	Server listening on port 3000
[INFO] 2022-03-01 01:05:18: 	Database connected: mongodb+srv://admin:leYDzAm1gclXi86T@re-coded-students-teach.ixpqq.mongodb.net/students-teach-db?retryWrites=true&w=majority
[INFO] 2022-03-01 01:05:24: 	Starting the server checking cron job...
[INFO] 2022-03-01 01:05:26: 	Starting the server checking cron job...
[INFO] 2022-03-01 01:05:26: 	Server listening on port 3000
[INFO] 2022-03-01 01:05:27: 	Database connected: mongodb+srv://admin:leYDzAm1gclXi86T@re-coded-students-teach.ixpqq.mongodb.net/students-teach-db?retryWrites=true&w=majority
